build/app/intermediates/manifest_merge_blame_file/debug/manifest-merger-blame-debug-report.txt
1<?xml version="1.0" encoding="utf-8"?>
2<manifest xmlns:android="http://schemas.android.com/apk/res/android"
3    package="com.flutter_petkon"
4    android:versionCode="1"
5    android:versionName="1.0.0" >
6
7    <uses-sdk
8        android:minSdkVersion="19"
9        android:targetSdkVersion="30" />
10    <!--
11         Flutter needs it to communicate with the running application
12         to allow setting breakpoints, to provide hot reload, etc.
13    -->
14    <uses-permission android:name="android.permission.INTERNET" />
14-->src\main\AndroidManifest.xml:4:5-67
14-->src\main\AndroidManifest.xml:4:22-64
15    <uses-permission android:name="android.permission.READ_EXTERNAL_STORAGE" />
15-->[:image_picker] AndroidManifest.xml:7:5-80
15-->[:image_picker] AndroidManifest.xml:7:22-77
16    <uses-permission android:name="android.permission.WRITE_EXTERNAL_STORAGE" />
16-->[:image_picker] AndroidManifest.xml:8:5-81
16-->[:image_picker] AndroidManifest.xml:8:22-78
17    <uses-permission android:name="android.permission.RECEIVE_BOOT_COMPLETED" />
17-->[:flutter_local_notifications] AndroidManifest.xml:7:5-81
17-->[:flutter_local_notifications] AndroidManifest.xml:7:22-78
18    <uses-permission android:name="android.permission.VIBRATE" />
18-->[:flutter_local_notifications] AndroidManifest.xml:8:5-66
18-->[:flutter_local_notifications] AndroidManifest.xml:8:22-63
19    <uses-permission android:name="android.permission.USE_FULL_SCREEN_INTENT" />
19-->[:flutter_local_notifications] AndroidManifest.xml:9:5-81
19-->[:flutter_local_notifications] AndroidManifest.xml:9:22-78
20    <uses-permission android:name="android.permission.ACCESS_NETWORK_STATE" />
20-->[com.google.firebase:firebase-iid:20.3.0] AndroidManifest.xml:22:5-79
20-->[com.google.firebase:firebase-iid:20.3.0] AndroidManifest.xml:22:22-76
21    <uses-permission android:name="android.permission.WAKE_LOCK" /> <!-- Required by older versions of Google Play services to create IID tokens -->
21-->[com.google.firebase:firebase-iid:20.3.0] AndroidManifest.xml:24:5-68
21-->[com.google.firebase:firebase-iid:20.3.0] AndroidManifest.xml:24:22-65
22    <uses-permission android:name="com.google.android.c2dm.permission.RECEIVE" />
22-->[com.google.firebase:firebase-iid:20.3.0] AndroidManifest.xml:26:5-82
22-->[com.google.firebase:firebase-iid:20.3.0] AndroidManifest.xml:26:22-79
23    <uses-permission android:name="com.google.android.finsky.permission.BIND_GET_INSTALL_REFERRER_SERVICE" />
23-->[com.google.android.gms:play-services-measurement:17.6.0] AndroidManifest.xml:26:5-110
23-->[com.google.android.gms:play-services-measurement:17.6.0] AndroidManifest.xml:26:22-107
24
25    <application
25-->src\main\AndroidManifest.xml:6:5-44:19
26        android:name="androidx.multidex.MultiDexApplication"
27        android:appComponentFactory="androidx.core.app.CoreComponentFactory"
27-->[androidx.core:core:1.3.0] AndroidManifest.xml:24:18-86
28        android:debuggable="true"
29        android:icon="@mipmap/ic_launcher"
29-->src\main\AndroidManifest.xml:7:9-43
30        android:label="Petkonnect"
30-->src\main\AndroidManifest.xml:8:9-35
31        android:supportsRtl="true"
31-->[com.facebook.android:facebook-login:5.5.1] AndroidManifest.xml:28:18-44
32        android:usesCleartextTraffic="true" >
32-->src\main\AndroidManifest.xml:9:9-44
33        <activity
33-->src\main\AndroidManifest.xml:12:9-38:20
34            android:name="com.flutter_petkon.MainActivity"
34-->src\main\AndroidManifest.xml:13:13-41
35            android:configChanges="orientation|keyboardHidden|keyboard|screenSize|smallestScreenSize|locale|layoutDirection|fontScale|screenLayout|density|uiMode"
35-->src\main\AndroidManifest.xml:14:13-163
36            android:hardwareAccelerated="true"
36-->src\main\AndroidManifest.xml:15:13-47
37            android:launchMode="singleTop"
37-->src\main\AndroidManifest.xml:16:13-43
38            android:theme="@style/LaunchTheme"
38-->src\main\AndroidManifest.xml:17:13-47
39            android:windowSoftInputMode="adjustResize" >
39-->src\main\AndroidManifest.xml:18:13-55
40
41            <!--
42                 Specifies an Android theme to apply to this Activity as soon as
43                 the Android process has started. This theme is visible to the user
44                 while the Flutter UI initializes. After that, this theme continues
45                 to determine the Window background behind the Flutter UI.
46            -->
47            <intent-filter>
47-->src\main\AndroidManifest.xml:23:13-26:29
48                <action android:name="android.intent.action.MAIN" />
48-->src\main\AndroidManifest.xml:24:17-69
48-->src\main\AndroidManifest.xml:24:25-66
49
50                <category android:name="android.intent.category.LAUNCHER" />
50-->src\main\AndroidManifest.xml:25:17-77
50-->src\main\AndroidManifest.xml:25:27-74
51            </intent-filter>
52            <!--
53                 Displays an Android View that continues showing the launch screen
54                 Drawable until Flutter paints its first frame, then this splash
55                 screen fades out. A splash screen is useful to avoid any visual
56                 gap between the end of Android's launch screen and the painting of
57                 Flutter's first frame.
58            -->
59            <meta-data
59-->src\main\AndroidManifest.xml:32:13-34:66
60                android:name="io.flutter.embedding.android.SplashScreenDrawable"
60-->src\main\AndroidManifest.xml:33:17-81
61                android:resource="@drawable/launch_background" />
61-->src\main\AndroidManifest.xml:34:17-63
62            <meta-data
62-->src\main\AndroidManifest.xml:35:13-37:57
63                android:name="io.flutter.embedding.android.NormalTheme"
63-->src\main\AndroidManifest.xml:36:17-72
64                android:resource="@style/NormalTheme" />
64-->src\main\AndroidManifest.xml:37:17-54
65        </activity>
66        <!--
67             Don't delete the meta-data below.
68             This is used by the Flutter tool to generate GeneratedPluginRegistrant.java
69        -->
70        <meta-data
70-->src\main\AndroidManifest.xml:41:9-43:33
71            android:name="flutterEmbedding"
71-->src\main\AndroidManifest.xml:42:13-44
72            android:value="2" />
72-->src\main\AndroidManifest.xml:43:13-30
73
74        <provider
74-->[:image_picker] AndroidManifest.xml:11:9-19:20
75            android:name="io.flutter.plugins.imagepicker.ImagePickerFileProvider"
75-->[:image_picker] AndroidManifest.xml:12:13-82
76            android:authorities="com.flutter_petkon.flutter.image_provider"
76-->[:image_picker] AndroidManifest.xml:13:13-74
77            android:exported="false"
77-->[:image_picker] AndroidManifest.xml:14:13-37
78            android:grantUriPermissions="true" >
78-->[:image_picker] AndroidManifest.xml:15:13-47
79            <meta-data
79-->[:image_picker] AndroidManifest.xml:16:13-18:75
80                android:name="android.support.FILE_PROVIDER_PATHS"
80-->[:image_picker] AndroidManifest.xml:17:17-67
81                android:resource="@xml/flutter_image_picker_file_paths" />
81-->[:image_picker] AndroidManifest.xml:18:17-72
82        </provider>
83
84        <service android:name="io.flutter.plugins.firebasemessaging.FlutterFirebaseMessagingService" >
84-->[:firebase_messaging] AndroidManifest.xml:8:9-12:19
84-->[:firebase_messaging] AndroidManifest.xml:8:18-101
85            <intent-filter>
85-->[:firebase_messaging] AndroidManifest.xml:9:13-11:29
86                <action android:name="com.google.firebase.MESSAGING_EVENT" />
86-->[:firebase_messaging] AndroidManifest.xml:10:17-78
86-->[:firebase_messaging] AndroidManifest.xml:10:25-75
87            </intent-filter>
88        </service>
89        <service
89-->[:firebase_messaging] AndroidManifest.xml:13:9-17:19
90            android:name="com.google.firebase.components.ComponentDiscoveryService"
90-->[:firebase_messaging] AndroidManifest.xml:13:18-89
91            android:directBootAware="true"
91-->[com.google.firebase:firebase-common:19.3.0] AndroidManifest.xml:34:13-43
92            android:exported="false" >
92-->[com.google.firebase:firebase-messaging:20.3.0] AndroidManifest.xml:38:13-37
93            <meta-data
93-->[:firebase_messaging] AndroidManifest.xml:14:13-16:85
94                android:name="com.google.firebase.components:io.flutter.plugins.firebasemessaging.FlutterFirebaseAppRegistrar"
94-->[:firebase_messaging] AndroidManifest.xml:15:17-127
95                android:value="com.google.firebase.components.ComponentRegistrar" />
95-->[:firebase_messaging] AndroidManifest.xml:16:17-82
96            <meta-data
96-->[:firebase_core] AndroidManifest.xml:9:13-11:85
97                android:name="com.google.firebase.components:io.flutter.plugins.firebase.core.FlutterFirebaseCoreRegistrar"
97-->[:firebase_core] AndroidManifest.xml:10:17-124
98                android:value="com.google.firebase.components.ComponentRegistrar" />
98-->[:firebase_core] AndroidManifest.xml:11:17-82
99            <meta-data
99-->[com.google.firebase:firebase-messaging:20.3.0] AndroidManifest.xml:39:13-41:85
100                android:name="com.google.firebase.components:com.google.firebase.messaging.FirebaseMessagingRegistrar"
100-->[com.google.firebase:firebase-messaging:20.3.0] AndroidManifest.xml:40:17-119
101                android:value="com.google.firebase.components.ComponentRegistrar" />
101-->[com.google.firebase:firebase-messaging:20.3.0] AndroidManifest.xml:41:17-82
102            <meta-data
102-->[com.google.firebase:firebase-iid:20.3.0] AndroidManifest.xml:32:13-34:85
103                android:name="com.google.firebase.components:com.google.firebase.iid.Registrar"
103-->[com.google.firebase:firebase-iid:20.3.0] AndroidManifest.xml:33:17-96
104                android:value="com.google.firebase.components.ComponentRegistrar" />
104-->[com.google.firebase:firebase-iid:20.3.0] AndroidManifest.xml:34:17-82
105            <meta-data
105-->[com.google.android.gms:play-services-measurement-api:17.6.0] AndroidManifest.xml:30:13-32:85
106                android:name="com.google.firebase.components:com.google.firebase.analytics.connector.internal.AnalyticsConnectorRegistrar"
106-->[com.google.android.gms:play-services-measurement-api:17.6.0] AndroidManifest.xml:31:17-139
107                android:value="com.google.firebase.components.ComponentRegistrar" />
107-->[com.google.android.gms:play-services-measurement-api:17.6.0] AndroidManifest.xml:32:17-82
108            <meta-data
108-->[com.google.firebase:firebase-datatransport:17.0.3] AndroidManifest.xml:28:13-30:85
109                android:name="com.google.firebase.components:com.google.firebase.datatransport.TransportRegistrar"
109-->[com.google.firebase:firebase-datatransport:17.0.3] AndroidManifest.xml:29:17-115
110                android:value="com.google.firebase.components.ComponentRegistrar" />
110-->[com.google.firebase:firebase-datatransport:17.0.3] AndroidManifest.xml:30:17-82
111            <meta-data
111-->[com.google.firebase:firebase-installations:16.3.3] AndroidManifest.xml:17:13-19:85
112                android:name="com.google.firebase.components:com.google.firebase.installations.FirebaseInstallationsRegistrar"
112-->[com.google.firebase:firebase-installations:16.3.3] AndroidManifest.xml:18:17-127
113                android:value="com.google.firebase.components.ComponentRegistrar" />
113-->[com.google.firebase:firebase-installations:16.3.3] AndroidManifest.xml:19:17-82
114        </service>
115
116        <activity
116-->[:url_launcher] AndroidManifest.xml:8:9-11:74
117            android:name="io.flutter.plugins.urllauncher.WebViewActivity"
117-->[:url_launcher] AndroidManifest.xml:9:13-74
118            android:exported="false"
118-->[:url_launcher] AndroidManifest.xml:10:13-37
119            android:theme="@android:style/Theme.NoTitleBar.Fullscreen" />
119-->[:url_launcher] AndroidManifest.xml:11:13-71
120
121        <receiver android:name="com.dexterous.flutterlocalnotifications.ScheduledNotificationReceiver" />
121-->[:flutter_local_notifications] AndroidManifest.xml:12:9-106
121-->[:flutter_local_notifications] AndroidManifest.xml:12:19-103
122        <receiver android:name="com.dexterous.flutterlocalnotifications.ScheduledNotificationBootReceiver" >
122-->[:flutter_local_notifications] AndroidManifest.xml:13:9-20:20
122-->[:flutter_local_notifications] AndroidManifest.xml:13:19-107
123            <intent-filter>
123-->[:flutter_local_notifications] AndroidManifest.xml:14:13-19:29
124                <action android:name="android.intent.action.BOOT_COMPLETED" />
124-->[:flutter_local_notifications] AndroidManifest.xml:15:17-79
124-->[:flutter_local_notifications] AndroidManifest.xml:15:25-76
125                <action android:name="android.intent.action.MY_PACKAGE_REPLACED" />
125-->[:flutter_local_notifications] AndroidManifest.xml:16:17-84
125-->[:flutter_local_notifications] AndroidManifest.xml:16:25-81
126                <action android:name="android.intent.action.QUICKBOOT_POWERON" />
126-->[:flutter_local_notifications] AndroidManifest.xml:17:17-82
126-->[:flutter_local_notifications] AndroidManifest.xml:17:25-79
127                <action android:name="com.htc.intent.action.QUICKBOOT_POWERON" />
127-->[:flutter_local_notifications] AndroidManifest.xml:18:17-82
127-->[:flutter_local_notifications] AndroidManifest.xml:18:25-79
128            </intent-filter>
129        </receiver>
130
131        <provider
131-->[com.sangcomz:FishBun:0.11.2] AndroidManifest.xml:12:9-20:20
132            android:name="com.sangcomz.fishbun.FishBunFileProvider"
132-->[com.sangcomz:FishBun:0.11.2] AndroidManifest.xml:13:13-68
133            android:authorities="com.flutter_petkon.fishbunfileprovider"
133-->[com.sangcomz:FishBun:0.11.2] AndroidManifest.xml:14:13-71
134            android:exported="false"
134-->[com.sangcomz:FishBun:0.11.2] AndroidManifest.xml:15:13-37
135            android:grantUriPermissions="true" >
135-->[com.sangcomz:FishBun:0.11.2] AndroidManifest.xml:16:13-47
136            <meta-data
136-->[:image_picker] AndroidManifest.xml:16:13-18:75
137                android:name="android.support.FILE_PROVIDER_PATHS"
137-->[:image_picker] AndroidManifest.xml:17:17-67
138                android:resource="@xml/provider_paths" />
138-->[:image_picker] AndroidManifest.xml:18:17-72
139        </provider>
140
141        <activity
141-->[com.sangcomz:FishBun:0.11.2] AndroidManifest.xml:22:9-25:51
142            android:name="com.sangcomz.fishbun.ui.album.AlbumActivity"
142-->[com.sangcomz:FishBun:0.11.2] AndroidManifest.xml:23:13-71
143            android:label="@string/album"
143-->[com.sangcomz:FishBun:0.11.2] AndroidManifest.xml:24:13-42
144            android:theme="@style/FishBunTheme" />
144-->[com.sangcomz:FishBun:0.11.2] AndroidManifest.xml:25:13-48
145        <activity
145-->[com.sangcomz:FishBun:0.11.2] AndroidManifest.xml:26:9-28:51
146            android:name="com.sangcomz.fishbun.ui.picker.PickerActivity"
146-->[com.sangcomz:FishBun:0.11.2] AndroidManifest.xml:27:13-73
147            android:theme="@style/FishBunTheme" />
147-->[com.sangcomz:FishBun:0.11.2] AndroidManifest.xml:28:13-48
148        <activity
148-->[com.sangcomz:FishBun:0.11.2] AndroidManifest.xml:29:9-31:54
149            android:name="com.sangcomz.fishbun.ui.detail.DetailActivity"
149-->[com.sangcomz:FishBun:0.11.2] AndroidManifest.xml:30:13-73
150            android:theme="@style/DetailViewTheme" />
150-->[com.sangcomz:FishBun:0.11.2] AndroidManifest.xml:31:13-51
151        <activity
151-->[com.google.android.gms:play-services-auth:16.0.1] AndroidManifest.xml:23:9-27:75
152            android:name="com.google.android.gms.auth.api.signin.internal.SignInHubActivity"
152-->[com.google.android.gms:play-services-auth:16.0.1] AndroidManifest.xml:24:13-93
153            android:excludeFromRecents="true"
153-->[com.google.android.gms:play-services-auth:16.0.1] AndroidManifest.xml:25:13-46
154            android:exported="false"
154-->[com.google.android.gms:play-services-auth:16.0.1] AndroidManifest.xml:26:13-37
155            android:theme="@android:style/Theme.Translucent.NoTitleBar" />
155-->[com.google.android.gms:play-services-auth:16.0.1] AndroidManifest.xml:27:13-72
156        <!--
157            Service handling Google Sign-In user revocation. For apps that do not integrate with
158            Google Sign-In, this service will never be started.
159        -->
160        <service
160-->[com.google.android.gms:play-services-auth:16.0.1] AndroidManifest.xml:33:9-36:110
161            android:name="com.google.android.gms.auth.api.signin.RevocationBoundService"
161-->[com.google.android.gms:play-services-auth:16.0.1] AndroidManifest.xml:34:13-89
162            android:exported="true"
162-->[com.google.android.gms:play-services-auth:16.0.1] AndroidManifest.xml:35:13-36
163            android:permission="com.google.android.gms.auth.api.signin.permission.REVOCATION_NOTIFICATION" />
163-->[com.google.android.gms:play-services-auth:16.0.1] AndroidManifest.xml:36:13-107
164
165        <activity
165-->[com.facebook.android:facebook-common:5.5.1] AndroidManifest.xml:29:9-32:66
166            android:name="com.facebook.FacebookActivity"
166-->[com.facebook.android:facebook-common:5.5.1] AndroidManifest.xml:30:13-57
167            android:configChanges="keyboard|keyboardHidden|screenLayout|screenSize|orientation"
167-->[com.facebook.android:facebook-common:5.5.1] AndroidManifest.xml:31:13-96
168            android:theme="@style/com_facebook_activity_theme" />
168-->[com.facebook.android:facebook-common:5.5.1] AndroidManifest.xml:32:13-63
169        <activity android:name="com.facebook.CustomTabMainActivity" />
169-->[com.facebook.android:facebook-common:5.5.1] AndroidManifest.xml:33:9-71
169-->[com.facebook.android:facebook-common:5.5.1] AndroidManifest.xml:33:19-68
170        <activity android:name="com.facebook.CustomTabActivity" />
170-->[com.facebook.android:facebook-common:5.5.1] AndroidManifest.xml:34:9-67
170-->[com.facebook.android:facebook-common:5.5.1] AndroidManifest.xml:34:19-64
171        <!--
172         The initialization ContentProvider will call FacebookSdk.sdkInitialize automatically
173         with the application context. This config is merged in with the host app's manifest,
174         but there can only be one provider with the same authority activated at any given
175         point; so if the end user has two or more different apps that use Facebook SDK, only the
176         first one will be able to use the provider. To work around this problem, we use the
177         following placeholder in the authority to identify each host application as if it was
178         a completely different provider.
179        -->
180        <provider
180-->[com.facebook.android:facebook-core:5.5.1] AndroidManifest.xml:39:9-42:40
181            android:name="com.facebook.internal.FacebookInitProvider"
181-->[com.facebook.android:facebook-core:5.5.1] AndroidManifest.xml:40:13-70
182            android:authorities="com.flutter_petkon.FacebookInitProvider"
182-->[com.facebook.android:facebook-core:5.5.1] AndroidManifest.xml:41:13-72
183            android:exported="false" />
183-->[com.facebook.android:facebook-core:5.5.1] AndroidManifest.xml:42:13-37
184
185        <receiver
185-->[com.facebook.android:facebook-core:5.5.1] AndroidManifest.xml:44:9-50:20
186            android:name="com.facebook.CurrentAccessTokenExpirationBroadcastReceiver"
186-->[com.facebook.android:facebook-core:5.5.1] AndroidManifest.xml:45:13-86
187            android:exported="false" >
187-->[com.facebook.android:facebook-core:5.5.1] AndroidManifest.xml:46:13-37
188            <intent-filter>
188-->[com.facebook.android:facebook-core:5.5.1] AndroidManifest.xml:47:13-49:29
189                <action android:name="com.facebook.sdk.ACTION_CURRENT_ACCESS_TOKEN_CHANGED" />
189-->[com.facebook.android:facebook-core:5.5.1] AndroidManifest.xml:48:17-95
189-->[com.facebook.android:facebook-core:5.5.1] AndroidManifest.xml:48:25-92
190            </intent-filter>
191        </receiver>
192        <receiver
192-->[com.facebook.android:facebook-core:5.5.1] AndroidManifest.xml:51:9-58:20
193            android:name="com.facebook.CampaignTrackingReceiver"
193-->[com.facebook.android:facebook-core:5.5.1] AndroidManifest.xml:52:13-65
194            android:exported="true"
194-->[com.facebook.android:facebook-core:5.5.1] AndroidManifest.xml:53:13-36
195            android:permission="android.permission.INSTALL_PACKAGES" >
195-->[com.facebook.android:facebook-core:5.5.1] AndroidManifest.xml:54:13-69
196            <intent-filter>
196-->[com.facebook.android:facebook-core:5.5.1] AndroidManifest.xml:55:13-57:29
197                <action android:name="com.android.vending.INSTALL_REFERRER" />
197-->[com.facebook.android:facebook-core:5.5.1] AndroidManifest.xml:56:17-79
197-->[com.facebook.android:facebook-core:5.5.1] AndroidManifest.xml:56:25-76
198            </intent-filter>
199        </receiver>
200        <!--
201             FirebaseMessagingService performs security checks at runtime,
202             but set to not exported to explicitly avoid allowing another app to call it.
203        -->
204        <service
204-->[com.google.firebase:firebase-messaging:20.3.0] AndroidManifest.xml:28:9-35:19
205            android:name="com.google.firebase.messaging.FirebaseMessagingService"
205-->[com.google.firebase:firebase-messaging:20.3.0] AndroidManifest.xml:29:13-82
206            android:directBootAware="true"
206-->[com.google.firebase:firebase-messaging:20.3.0] AndroidManifest.xml:30:13-43
207            android:exported="false" >
207-->[com.google.firebase:firebase-messaging:20.3.0] AndroidManifest.xml:31:13-37
208            <intent-filter android:priority="-500" >
208-->[:firebase_messaging] AndroidManifest.xml:9:13-11:29
209                <action android:name="com.google.firebase.MESSAGING_EVENT" />
209-->[:firebase_messaging] AndroidManifest.xml:10:17-78
209-->[:firebase_messaging] AndroidManifest.xml:10:25-75
210            </intent-filter>
211        </service>
212
213        <receiver
213-->[com.google.firebase:firebase-iid:20.3.0] AndroidManifest.xml:37:9-44:20
214            android:name="com.google.firebase.iid.FirebaseInstanceIdReceiver"
214-->[com.google.firebase:firebase-iid:20.3.0] AndroidManifest.xml:38:13-78
215            android:exported="true"
215-->[com.google.firebase:firebase-iid:20.3.0] AndroidManifest.xml:39:13-36
216            android:permission="com.google.android.c2dm.permission.SEND" >
216-->[com.google.firebase:firebase-iid:20.3.0] AndroidManifest.xml:40:13-73
217            <intent-filter>
217-->[com.google.firebase:firebase-iid:20.3.0] AndroidManifest.xml:41:13-43:29
218                <action android:name="com.google.android.c2dm.intent.RECEIVE" />
218-->[com.google.firebase:firebase-iid:20.3.0] AndroidManifest.xml:42:17-81
218-->[com.google.firebase:firebase-iid:20.3.0] AndroidManifest.xml:42:25-78
219            </intent-filter>
220        </receiver>
221        <receiver
221-->[com.google.android.gms:play-services-measurement:17.6.0] AndroidManifest.xml:29:9-33:20
222            android:name="com.google.android.gms.measurement.AppMeasurementReceiver"
222-->[com.google.android.gms:play-services-measurement:17.6.0] AndroidManifest.xml:30:13-85
223            android:enabled="true"
223-->[com.google.android.gms:play-services-measurement:17.6.0] AndroidManifest.xml:31:13-35
224            android:exported="false" >
224-->[com.google.android.gms:play-services-measurement:17.6.0] AndroidManifest.xml:32:13-37
225        </receiver>
226
227        <service
227-->[com.google.android.gms:play-services-measurement:17.6.0] AndroidManifest.xml:35:9-38:40
228            android:name="com.google.android.gms.measurement.AppMeasurementService"
228-->[com.google.android.gms:play-services-measurement:17.6.0] AndroidManifest.xml:36:13-84
229            android:enabled="true"
229-->[com.google.android.gms:play-services-measurement:17.6.0] AndroidManifest.xml:37:13-35
230            android:exported="false" />
230-->[com.google.android.gms:play-services-measurement:17.6.0] AndroidManifest.xml:38:13-37
231        <service
231-->[com.google.android.gms:play-services-measurement:17.6.0] AndroidManifest.xml:39:9-43:72
232            android:name="com.google.android.gms.measurement.AppMeasurementJobService"
232-->[com.google.android.gms:play-services-measurement:17.6.0] AndroidManifest.xml:40:13-87
233            android:enabled="true"
233-->[com.google.android.gms:play-services-measurement:17.6.0] AndroidManifest.xml:41:13-35
234            android:exported="false"
234-->[com.google.android.gms:play-services-measurement:17.6.0] AndroidManifest.xml:42:13-37
235            android:permission="android.permission.BIND_JOB_SERVICE" />
235-->[com.google.android.gms:play-services-measurement:17.6.0] AndroidManifest.xml:43:13-69
236
237        <activity
237-->[com.google.android.gms:play-services-base:17.0.0] AndroidManifest.xml:23:9-26:75
238            android:name="com.google.android.gms.common.api.GoogleApiActivity"
238-->[com.google.android.gms:play-services-base:17.0.0] AndroidManifest.xml:24:13-79
239            android:exported="false"
239-->[com.google.android.gms:play-services-base:17.0.0] AndroidManifest.xml:25:13-37
240            android:theme="@android:style/Theme.Translucent.NoTitleBar" />
240-->[com.google.android.gms:play-services-base:17.0.0] AndroidManifest.xml:26:13-72
241
242        <provider
242-->[com.google.firebase:firebase-common:19.3.0] AndroidManifest.xml:26:9-30:39
243            android:name="com.google.firebase.provider.FirebaseInitProvider"
243-->[com.google.firebase:firebase-common:19.3.0] AndroidManifest.xml:27:13-77
244            android:authorities="com.flutter_petkon.firebaseinitprovider"
244-->[com.google.firebase:firebase-common:19.3.0] AndroidManifest.xml:28:13-72
245            android:exported="false"
245-->[com.google.firebase:firebase-common:19.3.0] AndroidManifest.xml:29:13-37
246            android:initOrder="100" />
246-->[com.google.firebase:firebase-common:19.3.0] AndroidManifest.xml:30:13-36
247
248        <meta-data
248-->[com.google.android.gms:play-services-basement:17.0.0] AndroidManifest.xml:23:9-25:69
249            android:name="com.google.android.gms.version"
249-->[com.google.android.gms:play-services-basement:17.0.0] AndroidManifest.xml:24:13-58
250            android:value="@integer/google_play_services_version" />
250-->[com.google.android.gms:play-services-basement:17.0.0] AndroidManifest.xml:25:13-66
251
252        <service
252-->[com.google.android.datatransport:transport-backend-cct:2.2.0] AndroidManifest.xml:29:9-35:19
253            android:name="com.google.android.datatransport.runtime.backends.TransportBackendDiscovery"
253-->[com.google.android.datatransport:transport-backend-cct:2.2.0] AndroidManifest.xml:30:13-103
254            android:exported="false" >
254-->[com.google.android.datatransport:transport-backend-cct:2.2.0] AndroidManifest.xml:31:13-37
255            <meta-data
255-->[com.google.android.datatransport:transport-backend-cct:2.2.0] AndroidManifest.xml:32:13-34:39
256                android:name="backend:com.google.android.datatransport.cct.CctBackendFactory"
256-->[com.google.android.datatransport:transport-backend-cct:2.2.0] AndroidManifest.xml:33:17-94
257                android:value="cct" />
257-->[com.google.android.datatransport:transport-backend-cct:2.2.0] AndroidManifest.xml:34:17-36
258        </service>
259        <service
259-->[com.google.android.datatransport:transport-runtime:2.2.0] AndroidManifest.xml:26:9-30:19
260            android:name="com.google.android.datatransport.runtime.scheduling.jobscheduling.JobInfoSchedulerService"
260-->[com.google.android.datatransport:transport-runtime:2.2.0] AndroidManifest.xml:27:13-117
261            android:exported="false"
261-->[com.google.android.datatransport:transport-runtime:2.2.0] AndroidManifest.xml:28:13-37
262            android:permission="android.permission.BIND_JOB_SERVICE" >
262-->[com.google.android.datatransport:transport-runtime:2.2.0] AndroidManifest.xml:29:13-69
263        </service>
264
265        <receiver
265-->[com.google.android.datatransport:transport-runtime:2.2.0] AndroidManifest.xml:32:9-34:40
266            android:name="com.google.android.datatransport.runtime.scheduling.jobscheduling.AlarmManagerSchedulerBroadcastReceiver"
266-->[com.google.android.datatransport:transport-runtime:2.2.0] AndroidManifest.xml:33:13-132
267            android:exported="false" />
267-->[com.google.android.datatransport:transport-runtime:2.2.0] AndroidManifest.xml:34:13-37
268    </application>
269
270</manifest>